<?xml version="1.0" encoding="UTF-8"?>
<!-- Generated by org.testng.reporters.JUnitReportReporter -->
<testsuite hostname="LAPTOP-VHU16K3T" failures="0" tests="1" name="TestCases.Tc_004SecureCheckoutPageTest" time="1254.483" errors="0" timestamp="2025-01-24T16:28:29 IST" skipped="0">
  <testcase classname="TestCases.Tc_004SecureCheckoutPageTest" name="fillCheckoutInfo" time="1254.483"/>
</testsuite> <!-- TestCases.Tc_004SecureCheckoutPageTest -->
