<?xml version="1.0" encoding="UTF-8"?>
<!-- Generated by org.testng.reporters.JUnitReportReporter -->
<testsuite hostname="LAPTOP-VHU16K3T" failures="0" tests="1" name="TestCases.Tc_002SearchRestaurantFoodPageTest" time="38.275" errors="0" timestamp="2025-01-24T15:37:37 IST" skipped="0">
  <testcase classname="TestCases.Tc_002SearchRestaurantFoodPageTest" name="isProuctAddedFromSearchPage" time="38.275"/>
</testsuite> <!-- TestCases.Tc_002SearchRestaurantFoodPageTest -->
