<?xml version="1.0" encoding="UTF-8"?>
<!-- Generated by org.testng.reporters.JUnitReportReporter -->
<testsuite hostname="LAPTOP-VHU16K3T" failures="0" tests="1" name="TestCases.Tc_001HomePageTest" time="3.490" errors="0" timestamp="2025-01-24T13:28:33 IST" skipped="0">
  <testcase classname="TestCases.Tc_001HomePageTest" name="addlocation" time="3.490"/>
</testsuite> <!-- TestCases.Tc_001HomePageTest -->
