<?xml version="1.0" encoding="UTF-8"?>
<!-- Generated by org.testng.reporters.JUnitReportReporter -->
<testsuite hostname="LAPTOP-VHU16K3T" failures="0" tests="1" name="TestCases.Tc_005PaymentTest" time="205.902" errors="0" timestamp="2025-01-24T16:38:32 IST" skipped="0">
  <testcase classname="TestCases.Tc_005PaymentTest" name="end_to_end_Test" time="205.902"/>
</testsuite> <!-- TestCases.Tc_005PaymentTest -->
