<?xml version="1.0" encoding="UTF-8"?>
<!-- Generated by org.testng.reporters.JUnitReportReporter -->
<testsuite hostname="LAPTOP-VHU16K3T" failures="0" tests="1" name="TestCases.SearchRestaurantFoodPageTest" time="105.694" errors="0" timestamp="2025-01-24T13:40:44 IST" skipped="0">
  <testcase classname="TestCases.SearchRestaurantFoodPageTest" name="isProuctAddedFromSearchPage" time="105.694"/>
</testsuite> <!-- TestCases.SearchRestaurantFoodPageTest -->
